<?xml version="1.0" encoding="UTF-8"?>
<testng-results ignored="0" total="10" passed="10" failed="0" skipped="0">
  <reporter-output>
  </reporter-output>
  <suite started-at="2021-11-22T12:56:37 IST" name="Suite" finished-at="2021-11-22T13:00:44 IST" duration-ms="247067">
    <groups>
      <group name="cucumber">
        <method signature="AbstractTestNGCucumberTests.runScenario(io.cucumber.testng.PickleWrapper,io.cucumber.testng.FeatureWrapper)[pri:0, instance:com.compre.Runner.TestRunner@ffcb7771]" name="runScenario" class="io.cucumber.testng.AbstractTestNGCucumberTests"/>
      </group> <!-- cucumber -->
    </groups>
    <test started-at="2021-11-22T12:56:37 IST" name="Test" finished-at="2021-11-22T13:00:44 IST" duration-ms="247067">
      <class name="com.compre.Runner.TestRunner">
        <test-method is-config="true" signature="setUpClass(org.testng.ITestContext)[pri:0, instance:com.compre.Runner.TestRunner@ffcb7771]" started-at="2021-11-22T12:56:37 IST" name="setUpClass" finished-at="2021-11-22T12:56:38 IST" duration-ms="1248" status="PASS">
          <params>
            <param index="0">
              <value>
                <![CDATA[org.testng.TestRunner@2e0c2ef5]]>
              </value>
            </param>
          </params>
          <reporter-output>
          </reporter-output>
        </test-method> <!-- setUpClass -->
        <test-method signature="runScenario(io.cucumber.testng.PickleWrapper,io.cucumber.testng.FeatureWrapper)[pri:0, instance:com.compre.Runner.TestRunner@ffcb7771]" started-at="2021-11-22T12:56:38 IST" name="runScenario" description="Runs Cucumber Scenarios" data-provider="scenarios" finished-at="2021-11-22T12:57:10 IST" duration-ms="32044" status="PASS">
          <params>
            <param index="0">
              <value>
                <![CDATA["SignIn into Account"]]>
              </value>
            </param>
            <param index="1">
              <value>
                <![CDATA["Optional[Account]"]]>
              </value>
            </param>
          </params>
          <reporter-output>
          </reporter-output>
        </test-method> <!-- runScenario -->
        <test-method signature="runScenario(io.cucumber.testng.PickleWrapper,io.cucumber.testng.FeatureWrapper)[pri:0, instance:com.compre.Runner.TestRunner@ffcb7771]" started-at="2021-11-22T12:57:10 IST" name="runScenario" description="Runs Cucumber Scenarios" data-provider="scenarios" finished-at="2021-11-22T12:57:32 IST" duration-ms="21707" status="PASS">
          <params>
            <param index="0">
              <value>
                <![CDATA["Read Quotes in Blogs"]]>
              </value>
            </param>
            <param index="1">
              <value>
                <![CDATA["Optional[Blogs]"]]>
              </value>
            </param>
          </params>
          <reporter-output>
          </reporter-output>
        </test-method> <!-- runScenario -->
        <test-method signature="runScenario(io.cucumber.testng.PickleWrapper,io.cucumber.testng.FeatureWrapper)[pri:0, instance:com.compre.Runner.TestRunner@ffcb7771]" started-at="2021-11-22T12:57:32 IST" name="runScenario" description="Runs Cucumber Scenarios" data-provider="scenarios" finished-at="2021-11-22T12:57:58 IST" duration-ms="25780" status="PASS">
          <params>
            <param index="0">
              <value>
                <![CDATA["Fill the details and Submit the contact form"]]>
              </value>
            </param>
            <param index="1">
              <value>
                <![CDATA["Optional[Contact Us]"]]>
              </value>
            </param>
          </params>
          <reporter-output>
          </reporter-output>
        </test-method> <!-- runScenario -->
        <test-method signature="runScenario(io.cucumber.testng.PickleWrapper,io.cucumber.testng.FeatureWrapper)[pri:0, instance:com.compre.Runner.TestRunner@ffcb7771]" started-at="2021-11-22T12:57:58 IST" name="runScenario" description="Runs Cucumber Scenarios" data-provider="scenarios" finished-at="2021-11-22T12:58:22 IST" duration-ms="24771" status="PASS">
          <params>
            <param index="0">
              <value>
                <![CDATA["Clicking AllofIt and validating Next Page"]]>
              </value>
            </param>
            <param index="1">
              <value>
                <![CDATA["Optional[AllofIt]"]]>
              </value>
            </param>
          </params>
          <reporter-output>
          </reporter-output>
        </test-method> <!-- runScenario -->
        <test-method signature="runScenario(io.cucumber.testng.PickleWrapper,io.cucumber.testng.FeatureWrapper)[pri:0, instance:com.compre.Runner.TestRunner@ffcb7771]" started-at="2021-11-22T12:58:22 IST" name="runScenario" description="Runs Cucumber Scenarios" data-provider="scenarios" finished-at="2021-11-22T12:58:34 IST" duration-ms="11473" status="PASS">
          <params>
            <param index="0">
              <value>
                <![CDATA["HomePage Validation"]]>
              </value>
            </param>
            <param index="1">
              <value>
                <![CDATA["Optional[BigSmall Site AutoMate]"]]>
              </value>
            </param>
          </params>
          <reporter-output>
          </reporter-output>
        </test-method> <!-- runScenario -->
        <test-method signature="runScenario(io.cucumber.testng.PickleWrapper,io.cucumber.testng.FeatureWrapper)[pri:0, instance:com.compre.Runner.TestRunner@ffcb7771]" started-at="2021-11-22T12:58:34 IST" name="runScenario" description="Runs Cucumber Scenarios" data-provider="scenarios" finished-at="2021-11-22T12:58:51 IST" duration-ms="17286" status="PASS">
          <params>
            <param index="0">
              <value>
                <![CDATA["Hovering over Official Merchandise"]]>
              </value>
            </param>
            <param index="1">
              <value>
                <![CDATA["Optional[Hover Test]"]]>
              </value>
            </param>
          </params>
          <reporter-output>
          </reporter-output>
        </test-method> <!-- runScenario -->
        <test-method signature="runScenario(io.cucumber.testng.PickleWrapper,io.cucumber.testng.FeatureWrapper)[pri:0, instance:com.compre.Runner.TestRunner@ffcb7771]" started-at="2021-11-22T12:58:51 IST" name="runScenario" description="Runs Cucumber Scenarios" data-provider="scenarios" finished-at="2021-11-22T12:59:14 IST" duration-ms="22588" status="PASS">
          <params>
            <param index="0">
              <value>
                <![CDATA["Clicking on the GiftCard and checking its delivery status using postal code"]]>
              </value>
            </param>
            <param index="1">
              <value>
                <![CDATA["Optional[GiftCard]"]]>
              </value>
            </param>
          </params>
          <reporter-output>
          </reporter-output>
        </test-method> <!-- runScenario -->
        <test-method signature="runScenario(io.cucumber.testng.PickleWrapper,io.cucumber.testng.FeatureWrapper)[pri:0, instance:com.compre.Runner.TestRunner@ffcb7771]" started-at="2021-11-22T12:59:14 IST" name="runScenario" description="Runs Cucumber Scenarios" data-provider="scenarios" finished-at="2021-11-22T12:59:34 IST" duration-ms="20748" status="PASS">
          <params>
            <param index="0">
              <value>
                <![CDATA["Entering data into search box and validating the results"]]>
              </value>
            </param>
            <param index="1">
              <value>
                <![CDATA["Optional[SearchBar Validation]"]]>
              </value>
            </param>
          </params>
          <reporter-output>
          </reporter-output>
        </test-method> <!-- runScenario -->
        <test-method signature="runScenario(io.cucumber.testng.PickleWrapper,io.cucumber.testng.FeatureWrapper)[pri:0, instance:com.compre.Runner.TestRunner@ffcb7771]" started-at="2021-11-22T12:59:34 IST" name="runScenario" description="Runs Cucumber Scenarios" data-provider="scenarios" finished-at="2021-11-22T13:00:15 IST" duration-ms="40553" status="PASS">
          <params>
            <param index="0">
              <value>
                <![CDATA["Validating WishList"]]>
              </value>
            </param>
            <param index="1">
              <value>
                <![CDATA["Optional[WishList]"]]>
              </value>
            </param>
          </params>
          <reporter-output>
          </reporter-output>
        </test-method> <!-- runScenario -->
        <test-method signature="runScenario(io.cucumber.testng.PickleWrapper,io.cucumber.testng.FeatureWrapper)[pri:0, instance:com.compre.Runner.TestRunner@ffcb7771]" started-at="2021-11-22T13:00:15 IST" name="runScenario" description="Runs Cucumber Scenarios" data-provider="scenarios" finished-at="2021-11-22T13:00:44 IST" duration-ms="28666" status="PASS">
          <params>
            <param index="0">
              <value>
                <![CDATA["Sorting Items"]]>
              </value>
            </param>
            <param index="1">
              <value>
                <![CDATA["Optional[SortItem]"]]>
              </value>
            </param>
          </params>
          <reporter-output>
          </reporter-output>
        </test-method> <!-- runScenario -->
        <test-method is-config="true" signature="tearDownClass()[pri:0, instance:com.compre.Runner.TestRunner@ffcb7771]" started-at="2021-11-22T13:00:44 IST" name="tearDownClass" finished-at="2021-11-22T13:00:44 IST" duration-ms="84" status="PASS">
          <reporter-output>
          </reporter-output>
        </test-method> <!-- tearDownClass -->
      </class> <!-- com.compre.Runner.TestRunner -->
    </test> <!-- Test -->
  </suite> <!-- Suite -->
</testng-results>
