<?xml version="1.0" encoding="UTF-8"?>
<testsuite xmlns:xsi="http://www.w3.org/2001/XMLSchema-instance" xsi:noNamespaceSchemaLocation="https://maven.apache.org/surefire/maven-surefire-plugin/xsd/surefire-test-report-3.0.xsd" version="3.0" name="TestSuite" time="248.928" tests="10" errors="0" skipped="0" failures="0">
  <properties>
[...]
</properties>
  <testcase name="runScenario[&quot;SignIn into Account&quot;, &quot;Optional[Account]&quot;](1)" classname="com.compre.Runner.TestRunner" time="32.331">
    <system-out><![CDATA[chrome
11-22-2021 12:56:49 AccountStepDefinition.java INFO  [main] ReusableClass.Base 37 - Driver Initialized
11-22-2021 12:56:56 AccountStepDefinition.java INFO  [main] ReusableClass.Base 39 - Site opened
11-22-2021 12:57:00 AccountStepDefinition.java INFO  [main] ReusableClass.Base 47 - Clicked on login
11-22-2021 12:57:02 AccountStepDefinition.java INFO  [main] ReusableClass.Base 57 - ExcelSheet opened
11-22-2021 12:57:02 AccountStepDefinition.java INFO  [main] ReusableClass.Base 65 - Entering username
11-22-2021 12:57:02 AccountStepDefinition.java INFO  [main] ReusableClass.Base 69 - Entering Password
11-22-2021 12:57:03 AccountStepDefinition.java INFO  [main] ReusableClass.Base 73 - Entered username= shubhampan1411@gmail.com
11-22-2021 12:57:03 AccountStepDefinition.java INFO  [main] ReusableClass.Base 74 - Entered password= Shubham@123
]]></system-out>
    <system-err><![CDATA[log4j:WARN No such property [maxBackupIndex] in com.compre.Utilities.Log.
log4j:WARN No such property [maxFileSize] in com.compre.Utilities.Log.
SLF4J: Failed to load class "org.slf4j.impl.StaticLoggerBinder".
SLF4J: Defaulting to no-operation (NOP) logger implementation
SLF4J: See http://www.slf4j.org/codes.html#StaticLoggerBinder for further details.
Starting ChromeDriver 96.0.4664.45 (76e4c1bb2ab4671b8beba3444e61c0f17584b2fc-refs/branch-heads/4664@{#947}) on port 53155
Only local connections are allowed.
Please see https://chromedriver.chromium.org/security-considerations for suggestions on keeping ChromeDriver safe.
ChromeDriver was started successfully.
Nov 22, 2021 12:56:49 PM org.openqa.selenium.remote.ProtocolHandshake createSession
INFO: Detected dialect: W3C
Nov 22, 2021 12:56:49 PM org.openqa.selenium.devtools.CdpVersionFinder findNearestMatch
WARNING: Unable to find an exact match for CDP version 96, so returning the closest version found: 95
Nov 22, 2021 12:56:49 PM org.openqa.selenium.devtools.CdpVersionFinder findNearestMatch
INFO: Found CDP implementation for version 96 of 95
]]></system-err>
  </testcase>
  <testcase name="runScenario[&quot;Read Quotes in Blogs&quot;, &quot;Optional[Blogs]&quot;](2)" classname="com.compre.Runner.TestRunner" time="21.511">
    <system-out><![CDATA[chrome
11-22-2021 12:57:14 AccountStepDefinition.java INFO  [main] ReusableClass.Base 37 - Driver Initialized
11-22-2021 12:57:22 AccountStepDefinition.java INFO  [main] ReusableClass.Base 39 - Site opened
11-22-2021 12:57:30 BlogsStepDefinition.java INFO  [main] ReusableClass.Base 42 - User clicked on the blog
11-22-2021 12:57:30 BlogsStepDefinition.java INFO  [main] ReusableClass.Base 58 - Quotes Validated: 2. You are the best brother one can have and this feeling makes me feel blessed and protected. I convey you my special prayers and thanks on this wonderful occasion of Bhai Dooj. Have a great day and a wonderful year ahead bhai!
]]></system-out>
    <system-err><![CDATA[Starting ChromeDriver 96.0.4664.45 (76e4c1bb2ab4671b8beba3444e61c0f17584b2fc-refs/branch-heads/4664@{#947}) on port 55411
Only local connections are allowed.
Please see https://chromedriver.chromium.org/security-considerations for suggestions on keeping ChromeDriver safe.
ChromeDriver was started successfully.
Nov 22, 2021 12:57:14 PM org.openqa.selenium.remote.ProtocolHandshake createSession
INFO: Detected dialect: W3C
Nov 22, 2021 12:57:14 PM org.openqa.selenium.devtools.CdpVersionFinder findNearestMatch
WARNING: Unable to find an exact match for CDP version 96, so returning the closest version found: 95
Nov 22, 2021 12:57:14 PM org.openqa.selenium.devtools.CdpVersionFinder findNearestMatch
INFO: Found CDP implementation for version 96 of 95
]]></system-err>
  </testcase>
  <testcase name="runScenario[&quot;Fill the details and Submit the contact form&quot;, &quot;Optional[Contact Us]&quot;](3)" classname="com.compre.Runner.TestRunner" time="25.744">
    <system-out><![CDATA[chrome
11-22-2021 12:57:36 AccountStepDefinition.java INFO  [main] ReusableClass.Base 37 - Driver Initialized
11-22-2021 12:57:48 AccountStepDefinition.java INFO  [main] ReusableClass.Base 39 - Site opened
11-22-2021 12:57:48 ContactstepDefinition.java INFO  [main] ReusableClass.Base 33 - User is on home page
11-22-2021 12:57:51 ContactstepDefinition.java INFO  [main] ReusableClass.Base 42 - User Landed on Contact us Form 
11-22-2021 12:57:51 ContactstepDefinition.java INFO  [main] ReusableClass.Base 50 - Enter Essential informations
11-22-2021 12:57:51 ContactstepDefinition.java INFO  [main] ReusableClass.Base 52 - Name Entered
11-22-2021 12:57:52 ContactstepDefinition.java INFO  [main] ReusableClass.Base 54 - Email Entered
11-22-2021 12:57:52 ContactstepDefinition.java INFO  [main] ReusableClass.Base 56 - Meassage entered
11-22-2021 12:57:57 ContactstepDefinition.java INFO  [main] ReusableClass.Base 68 - Submitted
]]></system-out>
    <system-err><![CDATA[Starting ChromeDriver 96.0.4664.45 (76e4c1bb2ab4671b8beba3444e61c0f17584b2fc-refs/branch-heads/4664@{#947}) on port 65462
Only local connections are allowed.
Please see https://chromedriver.chromium.org/security-considerations for suggestions on keeping ChromeDriver safe.
ChromeDriver was started successfully.
Nov 22, 2021 12:57:36 PM org.openqa.selenium.remote.ProtocolHandshake createSession
INFO: Detected dialect: W3C
Nov 22, 2021 12:57:36 PM org.openqa.selenium.devtools.CdpVersionFinder findNearestMatch
WARNING: Unable to find an exact match for CDP version 96, so returning the closest version found: 95
Nov 22, 2021 12:57:36 PM org.openqa.selenium.devtools.CdpVersionFinder findNearestMatch
INFO: Found CDP implementation for version 96 of 95
]]></system-err>
  </testcase>
  <testcase name="runScenario[&quot;Clicking AllofIt and validating Next Page&quot;, &quot;Optional[AllofIt]&quot;](4)" classname="com.compre.Runner.TestRunner" time="24.764">
    <system-out><![CDATA[chrome
11-22-2021 12:58:01 AccountStepDefinition.java INFO  [main] ReusableClass.Base 37 - Driver Initialized
11-22-2021 12:58:09 AccountStepDefinition.java INFO  [main] ReusableClass.Base 39 - Site opened
11-22-2021 12:58:15 AllofItstepDefinition.java INFO  [main] ReusableClass.Base 45 - Clicking on All Of It section from Navigation Bar
11-22-2021 12:58:15 AllofItstepDefinition.java INFO  [main] ReusableClass.Base 50 - Clicking on next page button
11-22-2021 12:58:21 AllofItstepDefinition.java INFO  [main] ReusableClass.Base 58 - Verifying Next Page is displayed
]]></system-out>
    <system-err><![CDATA[Starting ChromeDriver 96.0.4664.45 (76e4c1bb2ab4671b8beba3444e61c0f17584b2fc-refs/branch-heads/4664@{#947}) on port 63310
Only local connections are allowed.
Please see https://chromedriver.chromium.org/security-considerations for suggestions on keeping ChromeDriver safe.
ChromeDriver was started successfully.
Nov 22, 2021 12:58:01 PM org.openqa.selenium.remote.ProtocolHandshake createSession
INFO: Detected dialect: W3C
Nov 22, 2021 12:58:01 PM org.openqa.selenium.devtools.CdpVersionFinder findNearestMatch
WARNING: Unable to find an exact match for CDP version 96, so returning the closest version found: 95
Nov 22, 2021 12:58:01 PM org.openqa.selenium.devtools.CdpVersionFinder findNearestMatch
INFO: Found CDP implementation for version 96 of 95
]]></system-err>
  </testcase>
  <testcase name="runScenario[&quot;HomePage Validation&quot;, &quot;Optional[BigSmall Site AutoMate]&quot;](5)" classname="com.compre.Runner.TestRunner" time="11.488">
    <system-out><![CDATA[chrome
11-22-2021 12:58:26 AccountStepDefinition.java INFO  [main] ReusableClass.Base 37 - Driver Initialized
11-22-2021 12:58:32 AccountStepDefinition.java INFO  [main] ReusableClass.Base 39 - Site opened
11-22-2021 12:58:33 HomePagestepDefinition.java INFO  [main] ReusableClass.Base 35 - Title image displayed
11-22-2021 12:58:33 HomePagestepDefinition.java INFO  [main] ReusableClass.Base 45 - Nav bar 
]]></system-out>
    <system-err><![CDATA[Starting ChromeDriver 96.0.4664.45 (76e4c1bb2ab4671b8beba3444e61c0f17584b2fc-refs/branch-heads/4664@{#947}) on port 62501
Only local connections are allowed.
Please see https://chromedriver.chromium.org/security-considerations for suggestions on keeping ChromeDriver safe.
ChromeDriver was started successfully.
Nov 22, 2021 12:58:26 PM org.openqa.selenium.remote.ProtocolHandshake createSession
INFO: Detected dialect: W3C
Nov 22, 2021 12:58:26 PM org.openqa.selenium.devtools.CdpVersionFinder findNearestMatch
WARNING: Unable to find an exact match for CDP version 96, so returning the closest version found: 95
Nov 22, 2021 12:58:26 PM org.openqa.selenium.devtools.CdpVersionFinder findNearestMatch
INFO: Found CDP implementation for version 96 of 95
]]></system-err>
  </testcase>
  <testcase name="runScenario[&quot;Hovering over Official Merchandise&quot;, &quot;Optional[Hover Test]&quot;](6)" classname="com.compre.Runner.TestRunner" time="17.294">
    <system-out><![CDATA[chrome
11-22-2021 12:58:37 AccountStepDefinition.java INFO  [main] ReusableClass.Base 37 - Driver Initialized
11-22-2021 12:58:44 AccountStepDefinition.java INFO  [main] ReusableClass.Base 39 - Site opened
11-22-2021 12:58:44 OfficialMerchstepDefinition.java INFO  [main] ReusableClass.Base 43 - Hovered over Official Merchandise Tab
11-22-2021 12:58:44 OfficialMerchstepDefinition.java INFO  [main] ReusableClass.Base 54 - Hovered to Marvel Merchandise in subsection and clicked on it
11-22-2021 12:58:50 OfficialMerchstepDefinition.java INFO  [main] ReusableClass.Base 74 - Title Verified
]]></system-out>
    <system-err><![CDATA[Starting ChromeDriver 96.0.4664.45 (76e4c1bb2ab4671b8beba3444e61c0f17584b2fc-refs/branch-heads/4664@{#947}) on port 64186
Only local connections are allowed.
Please see https://chromedriver.chromium.org/security-considerations for suggestions on keeping ChromeDriver safe.
ChromeDriver was started successfully.
Nov 22, 2021 12:58:37 PM org.openqa.selenium.remote.ProtocolHandshake createSession
INFO: Detected dialect: W3C
Nov 22, 2021 12:58:37 PM org.openqa.selenium.devtools.CdpVersionFinder findNearestMatch
WARNING: Unable to find an exact match for CDP version 96, so returning the closest version found: 95
Nov 22, 2021 12:58:37 PM org.openqa.selenium.devtools.CdpVersionFinder findNearestMatch
INFO: Found CDP implementation for version 96 of 95
]]></system-err>
  </testcase>
  <testcase name="runScenario[&quot;Clicking on the GiftCard and checking its delivery status using postal code&quot;, &quot;Optional[GiftCard]&quot;](7)" classname="com.compre.Runner.TestRunner" time="22.579">
    <system-out><![CDATA[chrome
11-22-2021 12:58:54 AccountStepDefinition.java INFO  [main] ReusableClass.Base 37 - Driver Initialized
11-22-2021 12:59:01 AccountStepDefinition.java INFO  [main] ReusableClass.Base 39 - Site opened
11-22-2021 12:59:01 GiftCardstepDefinition.java INFO  [main] ReusableClass.Base 36 - Clicking on GiftCard
11-22-2021 12:59:06 GiftCardstepDefinition.java INFO  [main] ReusableClass.Base 48 - Enter post code in post code column
11-22-2021 12:59:07 GiftCardstepDefinition.java INFO  [main] ReusableClass.Base 59 - Desired Message is displayed
]]></system-out>
    <system-err><![CDATA[Starting ChromeDriver 96.0.4664.45 (76e4c1bb2ab4671b8beba3444e61c0f17584b2fc-refs/branch-heads/4664@{#947}) on port 56550
Only local connections are allowed.
Please see https://chromedriver.chromium.org/security-considerations for suggestions on keeping ChromeDriver safe.
ChromeDriver was started successfully.
Nov 22, 2021 12:58:54 PM org.openqa.selenium.remote.ProtocolHandshake createSession
INFO: Detected dialect: W3C
Nov 22, 2021 12:58:54 PM org.openqa.selenium.devtools.CdpVersionFinder findNearestMatch
WARNING: Unable to find an exact match for CDP version 96, so returning the closest version found: 95
Nov 22, 2021 12:58:54 PM org.openqa.selenium.devtools.CdpVersionFinder findNearestMatch
INFO: Found CDP implementation for version 96 of 95
]]></system-err>
  </testcase>
  <testcase name="runScenario[&quot;Entering data into search box and validating the results&quot;, &quot;Optional[SearchBar Validation]&quot;](8)" classname="com.compre.Runner.TestRunner" time="20.754">
    <system-out><![CDATA[chrome
11-22-2021 12:59:17 AccountStepDefinition.java INFO  [main] ReusableClass.Base 37 - Driver Initialized
11-22-2021 12:59:24 AccountStepDefinition.java INFO  [main] ReusableClass.Base 39 - Site opened
11-22-2021 12:59:24 SearchBarstepDefinition.java INFO  [main] ReusableClass.Base 37 - Entering text into the search bar
11-22-2021 12:59:29 SearchBarstepDefinition.java INFO  [main] ReusableClass.Base 47 - Product dsiplayed
]]></system-out>
    <system-err><![CDATA[Starting ChromeDriver 96.0.4664.45 (76e4c1bb2ab4671b8beba3444e61c0f17584b2fc-refs/branch-heads/4664@{#947}) on port 63013
Only local connections are allowed.
Please see https://chromedriver.chromium.org/security-considerations for suggestions on keeping ChromeDriver safe.
ChromeDriver was started successfully.
Nov 22, 2021 12:59:17 PM org.openqa.selenium.remote.ProtocolHandshake createSession
INFO: Detected dialect: W3C
Nov 22, 2021 12:59:17 PM org.openqa.selenium.devtools.CdpVersionFinder findNearestMatch
WARNING: Unable to find an exact match for CDP version 96, so returning the closest version found: 95
Nov 22, 2021 12:59:17 PM org.openqa.selenium.devtools.CdpVersionFinder findNearestMatch
INFO: Found CDP implementation for version 96 of 95
]]></system-err>
  </testcase>
  <testcase name="runScenario[&quot;Validating WishList&quot;, &quot;Optional[WishList]&quot;](9)" classname="com.compre.Runner.TestRunner" time="40.547">
    <system-out><![CDATA[chrome
11-22-2021 12:59:37 AccountStepDefinition.java INFO  [main] ReusableClass.Base 37 - Driver Initialized
11-22-2021 12:59:44 AccountStepDefinition.java INFO  [main] ReusableClass.Base 39 - Site opened
11-22-2021 12:59:44 WishListstepDefinition.java INFO  [main] ReusableClass.Base 37 - Searching an item from the search bar
11-22-2021 12:59:51 WishListstepDefinition.java INFO  [main] ReusableClass.Base 50 - Clicked on the desired product
11-22-2021 12:59:56 WishListstepDefinition.java INFO  [main] ReusableClass.Base 60 - Clicked on the Add to wishlist
11-22-2021 13:00:01 WishListstepDefinition.java INFO  [main] ReusableClass.Base 77 - Clicked on View product in wishlist link and naviagated to the page
11-22-2021 13:00:09 WishListstepDefinition.java INFO  [main] ReusableClass.Base 94 - Product verified
]]></system-out>
    <system-err><![CDATA[Starting ChromeDriver 96.0.4664.45 (76e4c1bb2ab4671b8beba3444e61c0f17584b2fc-refs/branch-heads/4664@{#947}) on port 57900
Only local connections are allowed.
Please see https://chromedriver.chromium.org/security-considerations for suggestions on keeping ChromeDriver safe.
ChromeDriver was started successfully.
Nov 22, 2021 12:59:37 PM org.openqa.selenium.remote.ProtocolHandshake createSession
INFO: Detected dialect: W3C
Nov 22, 2021 12:59:37 PM org.openqa.selenium.devtools.CdpVersionFinder findNearestMatch
WARNING: Unable to find an exact match for CDP version 96, so returning the closest version found: 95
Nov 22, 2021 12:59:37 PM org.openqa.selenium.devtools.CdpVersionFinder findNearestMatch
INFO: Found CDP implementation for version 96 of 95
]]></system-err>
  </testcase>
  <testcase name="runScenario[&quot;Sorting Items&quot;, &quot;Optional[SortItem]&quot;](10)" classname="com.compre.Runner.TestRunner" time="28.73">
    <system-out><![CDATA[chrome
11-22-2021 13:00:18 AccountStepDefinition.java INFO  [main] ReusableClass.Base 37 - Driver Initialized
11-22-2021 13:00:26 AccountStepDefinition.java INFO  [main] ReusableClass.Base 39 - Site opened
11-22-2021 13:00:31 SortItemstepDefinition.java INFO  [main] ReusableClass.Base 45 - Clicking on  Secret Santa Gifts section from Navigation Bar
11-22-2021 13:00:31 SortItemstepDefinition.java INFO  [main] ReusableClass.Base 51 - Clicking on Sort and choose the Best Selling option from the dropdown
11-22-2021 13:00:38 SortItemstepDefinition.java INFO  [main] ReusableClass.Base 60 - Best Selling Products displayed
]]></system-out>
    <system-err><![CDATA[Starting ChromeDriver 96.0.4664.45 (76e4c1bb2ab4671b8beba3444e61c0f17584b2fc-refs/branch-heads/4664@{#947}) on port 56839
Only local connections are allowed.
Please see https://chromedriver.chromium.org/security-considerations for suggestions on keeping ChromeDriver safe.
ChromeDriver was started successfully.
Nov 22, 2021 1:00:18 PM org.openqa.selenium.remote.ProtocolHandshake createSession
INFO: Detected dialect: W3C
Nov 22, 2021 1:00:18 PM org.openqa.selenium.devtools.CdpVersionFinder findNearestMatch
WARNING: Unable to find an exact match for CDP version 96, so returning the closest version found: 95
Nov 22, 2021 1:00:18 PM org.openqa.selenium.devtools.CdpVersionFinder findNearestMatch
INFO: Found CDP implementation for version 96 of 95
]]></system-err>
  </testcase>
</testsuite>