<?xml version="1.0" encoding="UTF-8"?>
<testng-results ignored="0" total="10" passed="10" failed="0" skipped="0">
  <reporter-output>
  </reporter-output>
  <suite started-at="2021-11-21T17:57:19 IST" name="Default suite" finished-at="2021-11-21T18:01:43 IST" duration-ms="264022">
    <groups>
      <group name="cucumber">
        <method signature="AbstractTestNGCucumberTests.runScenario(io.cucumber.testng.PickleWrapper,io.cucumber.testng.FeatureWrapper)[pri:0, instance:com.compre.Runner.TestRunner@ded0553b]" name="runScenario" class="io.cucumber.testng.AbstractTestNGCucumberTests"/>
      </group> <!-- cucumber -->
    </groups>
    <test started-at="2021-11-21T17:57:19 IST" name="Default test" finished-at="2021-11-21T18:01:43 IST" duration-ms="264022">
      <class name="com.compre.Runner.TestRunner">
        <test-method is-config="true" signature="setUpClass(org.testng.ITestContext)[pri:0, instance:com.compre.Runner.TestRunner@ded0553b]" started-at="2021-11-21T17:57:19 IST" name="setUpClass" finished-at="2021-11-21T17:57:20 IST" duration-ms="1073" status="PASS">
          <params>
            <param index="0">
              <value>
                <![CDATA[org.testng.TestRunner@bd5efd6b]]>
              </value>
            </param>
          </params>
          <reporter-output>
          </reporter-output>
        </test-method> <!-- setUpClass -->
        <test-method signature="runScenario(io.cucumber.testng.PickleWrapper,io.cucumber.testng.FeatureWrapper)[pri:0, instance:com.compre.Runner.TestRunner@ded0553b]" started-at="2021-11-21T17:57:20 IST" name="runScenario" description="Runs Cucumber Scenarios" data-provider="scenarios" finished-at="2021-11-21T17:58:14 IST" duration-ms="54045" status="PASS">
          <params>
            <param index="0">
              <value>
                <![CDATA["SignIn into Account"]]>
              </value>
            </param>
            <param index="1">
              <value>
                <![CDATA["Optional[Account]"]]>
              </value>
            </param>
          </params>
          <reporter-output>
          </reporter-output>
        </test-method> <!-- runScenario -->
        <test-method signature="runScenario(io.cucumber.testng.PickleWrapper,io.cucumber.testng.FeatureWrapper)[pri:0, instance:com.compre.Runner.TestRunner@ded0553b]" started-at="2021-11-21T17:58:14 IST" name="runScenario" description="Runs Cucumber Scenarios" data-provider="scenarios" finished-at="2021-11-21T17:58:33 IST" duration-ms="18872" status="PASS">
          <params>
            <param index="0">
              <value>
                <![CDATA["Read Quotes in Blogs"]]>
              </value>
            </param>
            <param index="1">
              <value>
                <![CDATA["Optional[Blogs]"]]>
              </value>
            </param>
          </params>
          <reporter-output>
          </reporter-output>
        </test-method> <!-- runScenario -->
        <test-method signature="runScenario(io.cucumber.testng.PickleWrapper,io.cucumber.testng.FeatureWrapper)[pri:0, instance:com.compre.Runner.TestRunner@ded0553b]" started-at="2021-11-21T17:58:33 IST" name="runScenario" description="Runs Cucumber Scenarios" data-provider="scenarios" finished-at="2021-11-21T17:58:59 IST" duration-ms="26067" status="PASS">
          <params>
            <param index="0">
              <value>
                <![CDATA["Fill the details and Submit the contact form"]]>
              </value>
            </param>
            <param index="1">
              <value>
                <![CDATA["Optional[Contact Us]"]]>
              </value>
            </param>
          </params>
          <reporter-output>
          </reporter-output>
        </test-method> <!-- runScenario -->
        <test-method signature="runScenario(io.cucumber.testng.PickleWrapper,io.cucumber.testng.FeatureWrapper)[pri:0, instance:com.compre.Runner.TestRunner@ded0553b]" started-at="2021-11-21T17:58:59 IST" name="runScenario" description="Runs Cucumber Scenarios" data-provider="scenarios" finished-at="2021-11-21T17:59:22 IST" duration-ms="22816" status="PASS">
          <params>
            <param index="0">
              <value>
                <![CDATA["Clicking AllofIt and validating Next Page"]]>
              </value>
            </param>
            <param index="1">
              <value>
                <![CDATA["Optional[AllofIt]"]]>
              </value>
            </param>
          </params>
          <reporter-output>
          </reporter-output>
        </test-method> <!-- runScenario -->
        <test-method signature="runScenario(io.cucumber.testng.PickleWrapper,io.cucumber.testng.FeatureWrapper)[pri:0, instance:com.compre.Runner.TestRunner@ded0553b]" started-at="2021-11-21T17:59:22 IST" name="runScenario" description="Runs Cucumber Scenarios" data-provider="scenarios" finished-at="2021-11-21T17:59:34 IST" duration-ms="12308" status="PASS">
          <params>
            <param index="0">
              <value>
                <![CDATA["HomePage Validation"]]>
              </value>
            </param>
            <param index="1">
              <value>
                <![CDATA["Optional[BigSmall Site AutoMate]"]]>
              </value>
            </param>
          </params>
          <reporter-output>
          </reporter-output>
        </test-method> <!-- runScenario -->
        <test-method signature="runScenario(io.cucumber.testng.PickleWrapper,io.cucumber.testng.FeatureWrapper)[pri:0, instance:com.compre.Runner.TestRunner@ded0553b]" started-at="2021-11-21T17:59:34 IST" name="runScenario" description="Runs Cucumber Scenarios" data-provider="scenarios" finished-at="2021-11-21T17:59:53 IST" duration-ms="18509" status="PASS">
          <params>
            <param index="0">
              <value>
                <![CDATA["Hovering over Official Merchandise"]]>
              </value>
            </param>
            <param index="1">
              <value>
                <![CDATA["Optional[Hover Test]"]]>
              </value>
            </param>
          </params>
          <reporter-output>
          </reporter-output>
        </test-method> <!-- runScenario -->
        <test-method signature="runScenario(io.cucumber.testng.PickleWrapper,io.cucumber.testng.FeatureWrapper)[pri:0, instance:com.compre.Runner.TestRunner@ded0553b]" started-at="2021-11-21T17:59:53 IST" name="runScenario" description="Runs Cucumber Scenarios" data-provider="scenarios" finished-at="2021-11-21T18:00:15 IST" duration-ms="22387" status="PASS">
          <params>
            <param index="0">
              <value>
                <![CDATA["Clicking on the GiftCard and checking its delivery status using postal code"]]>
              </value>
            </param>
            <param index="1">
              <value>
                <![CDATA["Optional[GiftCard]"]]>
              </value>
            </param>
          </params>
          <reporter-output>
          </reporter-output>
        </test-method> <!-- runScenario -->
        <test-method signature="runScenario(io.cucumber.testng.PickleWrapper,io.cucumber.testng.FeatureWrapper)[pri:0, instance:com.compre.Runner.TestRunner@ded0553b]" started-at="2021-11-21T18:00:15 IST" name="runScenario" description="Runs Cucumber Scenarios" data-provider="scenarios" finished-at="2021-11-21T18:00:33 IST" duration-ms="17564" status="PASS">
          <params>
            <param index="0">
              <value>
                <![CDATA["Entering data into search box and validating the results"]]>
              </value>
            </param>
            <param index="1">
              <value>
                <![CDATA["Optional[SearchBar Validation]"]]>
              </value>
            </param>
          </params>
          <reporter-output>
          </reporter-output>
        </test-method> <!-- runScenario -->
        <test-method signature="runScenario(io.cucumber.testng.PickleWrapper,io.cucumber.testng.FeatureWrapper)[pri:0, instance:com.compre.Runner.TestRunner@ded0553b]" started-at="2021-11-21T18:00:33 IST" name="runScenario" description="Runs Cucumber Scenarios" data-provider="scenarios" finished-at="2021-11-21T18:01:15 IST" duration-ms="42274" status="PASS">
          <params>
            <param index="0">
              <value>
                <![CDATA["Validating WishList"]]>
              </value>
            </param>
            <param index="1">
              <value>
                <![CDATA["Optional[WishList]"]]>
              </value>
            </param>
          </params>
          <reporter-output>
          </reporter-output>
        </test-method> <!-- runScenario -->
        <test-method signature="runScenario(io.cucumber.testng.PickleWrapper,io.cucumber.testng.FeatureWrapper)[pri:0, instance:com.compre.Runner.TestRunner@ded0553b]" started-at="2021-11-21T18:01:15 IST" name="runScenario" description="Runs Cucumber Scenarios" data-provider="scenarios" finished-at="2021-11-21T18:01:43 IST" duration-ms="27904" status="PASS">
          <params>
            <param index="0">
              <value>
                <![CDATA["Sorting Items"]]>
              </value>
            </param>
            <param index="1">
              <value>
                <![CDATA["Optional[SortItem]"]]>
              </value>
            </param>
          </params>
          <reporter-output>
          </reporter-output>
        </test-method> <!-- runScenario -->
        <test-method is-config="true" signature="tearDownClass()[pri:0, instance:com.compre.Runner.TestRunner@ded0553b]" started-at="2021-11-21T18:01:43 IST" name="tearDownClass" finished-at="2021-11-21T18:01:43 IST" duration-ms="86" status="PASS">
          <reporter-output>
          </reporter-output>
        </test-method> <!-- tearDownClass -->
      </class> <!-- com.compre.Runner.TestRunner -->
    </test> <!-- Default test -->
  </suite> <!-- Default suite -->
</testng-results>
